<?xml version="1.0" encoding="UTF-8"?>
<!-- Generated by org.testng.reporters.JUnitReportReporter -->
<testsuite hostname="DSCHD-PC-CB-94" name="IMarket_Registration.RegistrationSuccessfully" tests="1" failures="0" timestamp="26 Feb 2018 12:05:00 GMT" time="98.293" errors="0">
  <testcase name="userRegistrationSuccessfully" time="98.293" classname="IMarket_Registration.RegistrationSuccessfully"/>
</testsuite> <!-- IMarket_Registration.RegistrationSuccessfully -->
