<?xml version="1.0" encoding="UTF-8"?>
<!-- Generated by org.testng.reporters.JUnitReportReporter -->
<testsuite hostname="CB-94" name="checkLoanEligibility.CheckInEligibilityForLoan" tests="1" failures="0" timestamp="19 Dec 2017 08:34:55 GMT" time="62.002" errors="0">
  <testcase name="verifyApplicatsInEligibilityForLoan" time="62.002" classname="checkLoanEligibility.CheckInEligibilityForLoan"/>
</testsuite> <!-- checkLoanEligibility.CheckInEligibilityForLoan -->
