<?xml version="1.0" encoding="UTF-8"?>
<!-- Generated by org.testng.reporters.JUnitReportReporter -->
<testsuite hostname="CB-94" name="testClasses.SubmittionFormUnsuccessfully" tests="1" failures="0" timestamp="13 Dec 2017 08:05:53 GMT" time="32.153" errors="0">
  <testcase name="submitWrongSavingAccountForm" time="32.153" classname="testClasses.SubmittionFormUnsuccessfully"/>
</testsuite> <!-- testClasses.SubmittionFormUnsuccessfully -->
