<?xml version="1.0" encoding="UTF-8"?>
<!-- Generated by org.testng.reporters.JUnitReportReporter -->
<testsuite hostname="CB-94" name="testClasses.CheckInEligibilityForLoan" tests="1" failures="0" timestamp="11 Dec 2017 14:48:51 GMT" time="33.190" errors="0">
  <testcase name="verifyApplicatsInEligibilityForLoan" time="33.190" classname="testClasses.CheckInEligibilityForLoan"/>
</testsuite> <!-- testClasses.CheckInEligibilityForLoan -->
