<?xml version="1.0" encoding="UTF-8"?>
<!-- Generated by org.testng.reporters.JUnitReportReporter -->
<testsuite hostname="LAPTOP_029" name="testClasses.MobileBrowserTest_14Nov2017" tests="1" failures="0" timestamp="14 Nov 2017 08:33:17 GMT" time="36.827" errors="0">
  <testcase name="runBrowserTest" time="36.827" classname="testClasses.MobileBrowserTest_14Nov2017"/>
</testsuite> <!-- testClasses.MobileBrowserTest_14Nov2017 -->
