<?xml version="1.0" encoding="UTF-8"?>
<!-- Generated by org.testng.reporters.JUnitReportReporter -->
<testsuite hostname="TESTLAB-3" name="testClasses.CheckUnEligibilityForLoan" tests="1" failures="0" timestamp="7 Dec 2017 14:31:27 GMT" time="39.729" errors="0">
  <testcase name="verifyApplicatsUnEligibilityForLoan" time="39.729" classname="testClasses.CheckUnEligibilityForLoan"/>
</testsuite> <!-- testClasses.CheckUnEligibilityForLoan -->
