<?xml version="1.0" encoding="UTF-8"?>
<!-- Generated by org.testng.reporters.JUnitReportReporter -->
<testsuite skipped="0" hostname="DSCHD-113" name="testClasses.Check" tests="1" failures="0" timestamp="07 Sep 2017 07:24:39 GMT" time="0.390" errors="0">
  <testcase name="checkVis" time="0.390" classname="testClasses.Check"/>
</testsuite> <!-- testClasses.Check -->
