<?xml version="1.0" encoding="UTF-8"?>
<!-- Generated by org.testng.reporters.JUnitReportReporter -->
<testsuite hostname="CB-94" name="submitSavingAccountForm.SubmittionFormSuccessfully" tests="1" failures="0" timestamp="19 Dec 2017 08:34:55 GMT" time="134.451" errors="0">
  <testcase name="submitSavingAccountForm" time="134.451" classname="submitSavingAccountForm.SubmittionFormSuccessfully"/>
</testsuite> <!-- submitSavingAccountForm.SubmittionFormSuccessfully -->
