<?xml version="1.0" encoding="UTF-8"?>
<!-- Generated by org.testng.reporters.JUnitReportReporter -->
<testsuite hostname="DSCHD-PC-014" name="IMarket_Registeration.RegisterationSuccessfully" tests="1" failures="0" timestamp="22 Feb 2018 06:59:55 GMT" time="78.268" errors="0">
  <testcase name="userRegisterationSuccessfully" time="78.268" classname="IMarket_Registeration.RegisterationSuccessfully"/>
</testsuite> <!-- IMarket_Registeration.RegisterationSuccessfully -->
