<?xml version="1.0" encoding="UTF-8"?>
<!-- Generated by org.testng.reporters.JUnitReportReporter -->
<testsuite hostname="CB-94" name="testClasses.CheckLoanEligibility" tests="1" failures="0" timestamp="12 Dec 2017 13:22:58 GMT" time="11.748" errors="0">
  <testcase name="verifyLoanApplicatsEligibility" time="11.748" classname="testClasses.CheckLoanEligibility"/>
</testsuite> <!-- testClasses.CheckLoanEligibility -->
